
FAILURE: Build failed with an exception.

* Where:
Build file 'C:\Users\aditya\Desktop\sustainable-habits-android\app\build.gradle.kts' line: 54

* What went wrong:
Project with path ':core:ui' could not be found in project ':app'.

* Try:
> Run with --stacktrace option to get the stack trace.
> Run with --info or --debug option to get more log output.
> Run with --scan to get full insights.
> Get more help at https://help.gradle.org.

BUILD FAILED in 2s
